Arguments: 
  C:\Program Files\nodejs\node.exe C:\Users\天问\AppData\Roaming\npm\node_modules\yarn\bin\yarn.js init -y

PATH: 
  C:\WINDOWS\system32;C:\WINDOWS;C:\WINDOWS\System32\Wbem;C:\WINDOWS\System32\WindowsPowerShell\v1.0\;C:\WINDOWS\System32\OpenSSH\;C:\Program Files (x86)\NVIDIA Corporation\PhysX\Common;C:\Program Files\dotnet\;C:\WINDOWS\system32;C:\WINDOWS;C:\WINDOWS\System32\Wbem;C:\WINDOWS\System32\WindowsPowerShell\v1.0\;C:\WINDOWS\System32\OpenSSH\;C:\Program Files\NVIDIA Corporation\NVIDIA NvDLISR;C:\Program Files\nodejs\;C:\Users\天问\AppData\Local\Microsoft\WindowsApps;C:\Users\天问\AppData\Roaming\npm

Yarn version: 
  1.22.17

Node version: 
  16.14.0

Platform: 
  win32 x64

Trace: 
  SyntaxError: E:\Web前端学习\第五章\webpack-demo\package.json: Unexpected token ' in JSON at position 128
      at JSON.parse (<anonymous>)
      at C:\Users\天问\AppData\Roaming\npm\node_modules\yarn\lib\cli.js:1625:59
      at Generator.next (<anonymous>)
      at step (C:\Users\天问\AppData\Roaming\npm\node_modules\yarn\lib\cli.js:310:30)
      at C:\Users\天问\AppData\Roaming\npm\node_modules\yarn\lib\cli.js:321:13

npm manifest: 
  No manifest

yarn manifest: 
  No manifest

Lockfile: 
  No lockfile
